<?xml version="1.0" encoding="UTF-8"?>
<testsuite xmlns:xsi="http://www.w3.org/2001/XMLSchema-instance" xsi:noNamespaceSchemaLocation="https://maven.apache.org/surefire/maven-surefire-plugin/xsd/surefire-test-report-3.0.xsd" version="3.0" name="TestSuite" time="15.901" tests="6" errors="0" skipped="0" failures="1">
  <properties>
    <property name="java.specification.version" value="17"/>
    <property name="webdriver.chrome.driver" value="D:\AutomationGcReddy-master/src/browserDriver/chromedriver.exe"/>
    <property name="sun.cpu.isalist" value="amd64"/>
    <property name="sun.jnu.encoding" value="Cp1252"/>
    <property name="java.class.path" value="D:\AutomationGcReddy-master\target\test-classes;D:\AutomationGcReddy-master\target\classes;C:\Users\ThinkPad X1\.m2\repository\org\testng\testng\7.8.0\testng-7.8.0.jar;C:\Users\ThinkPad X1\.m2\repository\org\slf4j\slf4j-api\1.7.36\slf4j-api-1.7.36.jar;C:\Users\ThinkPad X1\.m2\repository\com\beust\jcommander\1.82\jcommander-1.82.jar;C:\Users\ThinkPad X1\.m2\repository\org\webjars\jquery\3.6.1\jquery-3.6.1.jar;C:\Users\ThinkPad X1\.m2\repository\io\qameta\allure\allure-testng\2.24.0\allure-testng-2.24.0.jar;C:\Users\ThinkPad X1\.m2\repository\io\qameta\allure\allure-java-commons\2.24.0\allure-java-commons-2.24.0.jar;C:\Users\ThinkPad X1\.m2\repository\io\qameta\allure\allure-model\2.24.0\allure-model-2.24.0.jar;C:\Users\ThinkPad X1\.m2\repository\io\qameta\allure\allure-test-filter\2.24.0\allure-test-filter-2.24.0.jar;C:\Users\ThinkPad X1\.m2\repository\org\seleniumhq\selenium\selenium-java\4.14.0\selenium-java-4.14.0.jar;C:\Users\ThinkPad X1\.m2\repository\org\seleniumhq\selenium\selenium-api\4.14.0\selenium-api-4.14.0.jar;C:\Users\ThinkPad X1\.m2\repository\org\seleniumhq\selenium\selenium-chrome-driver\4.14.0\selenium-chrome-driver-4.14.0.jar;C:\Users\ThinkPad X1\.m2\repository\com\google\auto\service\auto-service-annotations\1.1.1\auto-service-annotations-1.1.1.jar;C:\Users\ThinkPad X1\.m2\repository\com\google\guava\guava\32.1.2-jre\guava-32.1.2-jre.jar;C:\Users\ThinkPad X1\.m2\repository\com\google\guava\failureaccess\1.0.1\failureaccess-1.0.1.jar;C:\Users\ThinkPad X1\.m2\repository\com\google\guava\listenablefuture\9999.0-empty-to-avoid-conflict-with-guava\listenablefuture-9999.0-empty-to-avoid-conflict-with-guava.jar;C:\Users\ThinkPad X1\.m2\repository\com\google\code\findbugs\jsr305\3.0.2\jsr305-3.0.2.jar;C:\Users\ThinkPad X1\.m2\repository\org\checkerframework\checker-qual\3.33.0\checker-qual-3.33.0.jar;C:\Users\ThinkPad X1\.m2\repository\com\google\errorprone\error_prone_annotations\2.18.0\error_prone_annotations-2.18.0.jar;C:\Users\ThinkPad X1\.m2\repository\com\google\j2objc\j2objc-annotations\2.8\j2objc-annotations-2.8.jar;C:\Users\ThinkPad X1\.m2\repository\org\seleniumhq\selenium\selenium-chromium-driver\4.14.0\selenium-chromium-driver-4.14.0.jar;C:\Users\ThinkPad X1\.m2\repository\org\seleniumhq\selenium\selenium-json\4.14.0\selenium-json-4.14.0.jar;C:\Users\ThinkPad X1\.m2\repository\org\seleniumhq\selenium\selenium-manager\4.14.0\selenium-manager-4.14.0.jar;C:\Users\ThinkPad X1\.m2\repository\org\seleniumhq\selenium\selenium-devtools-v116\4.14.0\selenium-devtools-v116-4.14.0.jar;C:\Users\ThinkPad X1\.m2\repository\org\seleniumhq\selenium\selenium-devtools-v117\4.14.0\selenium-devtools-v117-4.14.0.jar;C:\Users\ThinkPad X1\.m2\repository\org\seleniumhq\selenium\selenium-devtools-v118\4.14.0\selenium-devtools-v118-4.14.0.jar;C:\Users\ThinkPad X1\.m2\repository\org\seleniumhq\selenium\selenium-devtools-v85\4.14.0\selenium-devtools-v85-4.14.0.jar;C:\Users\ThinkPad X1\.m2\repository\org\seleniumhq\selenium\selenium-edge-driver\4.14.0\selenium-edge-driver-4.14.0.jar;C:\Users\ThinkPad X1\.m2\repository\org\seleniumhq\selenium\selenium-firefox-driver\4.14.0\selenium-firefox-driver-4.14.0.jar;C:\Users\ThinkPad X1\.m2\repository\org\seleniumhq\selenium\selenium-http\4.14.0\selenium-http-4.14.0.jar;C:\Users\ThinkPad X1\.m2\repository\dev\failsafe\failsafe\3.3.2\failsafe-3.3.2.jar;C:\Users\ThinkPad X1\.m2\repository\org\seleniumhq\selenium\selenium-ie-driver\4.14.0\selenium-ie-driver-4.14.0.jar;C:\Users\ThinkPad X1\.m2\repository\org\seleniumhq\selenium\selenium-remote-driver\4.14.0\selenium-remote-driver-4.14.0.jar;C:\Users\ThinkPad X1\.m2\repository\io\opentelemetry\opentelemetry-api\1.28.0\opentelemetry-api-1.28.0.jar;C:\Users\ThinkPad X1\.m2\repository\io\opentelemetry\opentelemetry-context\1.28.0\opentelemetry-context-1.28.0.jar;C:\Users\ThinkPad X1\.m2\repository\io\opentelemetry\opentelemetry-exporter-logging\1.28.0\opentelemetry-exporter-logging-1.28.0.jar;C:\Users\ThinkPad X1\.m2\repository\io\opentelemetry\opentelemetry-sdk-metrics\1.28.0\opentelemetry-sdk-metrics-1.28.0.jar;C:\Users\ThinkPad X1\.m2\repository\io\opentelemetry\opentelemetry-extension-incubator\1.28.0-alpha\opentelemetry-extension-incubator-1.28.0-alpha.jar;C:\Users\ThinkPad X1\.m2\repository\io\opentelemetry\opentelemetry-sdk-logs\1.28.0\opentelemetry-sdk-logs-1.28.0.jar;C:\Users\ThinkPad X1\.m2\repository\io\opentelemetry\opentelemetry-sdk-common\1.28.0\opentelemetry-sdk-common-1.28.0.jar;C:\Users\ThinkPad X1\.m2\repository\io\opentelemetry\opentelemetry-sdk-extension-autoconfigure-spi\1.28.0\opentelemetry-sdk-extension-autoconfigure-spi-1.28.0.jar;C:\Users\ThinkPad X1\.m2\repository\io\opentelemetry\opentelemetry-sdk-extension-autoconfigure\1.28.0\opentelemetry-sdk-extension-autoconfigure-1.28.0.jar;C:\Users\ThinkPad X1\.m2\repository\io\opentelemetry\opentelemetry-api-events\1.28.0-alpha\opentelemetry-api-events-1.28.0-alpha.jar;C:\Users\ThinkPad X1\.m2\repository\io\opentelemetry\opentelemetry-sdk-trace\1.28.0\opentelemetry-sdk-trace-1.28.0.jar;C:\Users\ThinkPad X1\.m2\repository\io\opentelemetry\opentelemetry-sdk\1.28.0\opentelemetry-sdk-1.28.0.jar;C:\Users\ThinkPad X1\.m2\repository\io\opentelemetry\opentelemetry-semconv\1.28.0-alpha\opentelemetry-semconv-1.28.0-alpha.jar;C:\Users\ThinkPad X1\.m2\repository\net\bytebuddy\byte-buddy\1.14.5\byte-buddy-1.14.5.jar;C:\Users\ThinkPad X1\.m2\repository\org\seleniumhq\selenium\selenium-os\4.14.0\selenium-os-4.14.0.jar;C:\Users\ThinkPad X1\.m2\repository\org\apache\commons\commons-exec\1.3\commons-exec-1.3.jar;C:\Users\ThinkPad X1\.m2\repository\org\seleniumhq\selenium\selenium-safari-driver\4.14.0\selenium-safari-driver-4.14.0.jar;C:\Users\ThinkPad X1\.m2\repository\org\seleniumhq\selenium\selenium-support\4.14.0\selenium-support-4.14.0.jar;C:\Users\ThinkPad X1\.m2\repository\org\apache\poi\poi-ooxml\5.2.2\poi-ooxml-5.2.2.jar;C:\Users\ThinkPad X1\.m2\repository\org\apache\poi\poi\5.2.2\poi-5.2.2.jar;C:\Users\ThinkPad X1\.m2\repository\commons-codec\commons-codec\1.15\commons-codec-1.15.jar;C:\Users\ThinkPad X1\.m2\repository\org\apache\commons\commons-math3\3.6.1\commons-math3-3.6.1.jar;C:\Users\ThinkPad X1\.m2\repository\com\zaxxer\SparseBitSet\1.2\SparseBitSet-1.2.jar;C:\Users\ThinkPad X1\.m2\repository\org\apache\poi\poi-ooxml-lite\5.2.2\poi-ooxml-lite-5.2.2.jar;C:\Users\ThinkPad X1\.m2\repository\org\apache\xmlbeans\xmlbeans\5.0.3\xmlbeans-5.0.3.jar;C:\Users\ThinkPad X1\.m2\repository\org\apache\commons\commons-compress\1.21\commons-compress-1.21.jar;C:\Users\ThinkPad X1\.m2\repository\commons-io\commons-io\2.11.0\commons-io-2.11.0.jar;C:\Users\ThinkPad X1\.m2\repository\com\github\virtuald\curvesapi\1.07\curvesapi-1.07.jar;C:\Users\ThinkPad X1\.m2\repository\org\apache\logging\log4j\log4j-api\2.17.2\log4j-api-2.17.2.jar;C:\Users\ThinkPad X1\.m2\repository\org\apache\commons\commons-collections4\4.4\commons-collections4-4.4.jar;C:\Users\ThinkPad X1\.m2\repository\org\ow2\asm\asm\9.1\asm-9.1.jar;C:\Users\ThinkPad X1\.m2\repository\io\qameta\allure\allure-rest-assured\2.19.0\allure-rest-assured-2.19.0.jar;C:\Users\ThinkPad X1\.m2\repository\io\qameta\allure\allure-attachments\2.19.0\allure-attachments-2.19.0.jar;C:\Users\ThinkPad X1\.m2\repository\org\freemarker\freemarker\2.3.31\freemarker-2.3.31.jar;C:\Users\ThinkPad X1\.m2\repository\io\rest-assured\rest-assured\5.1.1\rest-assured-5.1.1.jar;C:\Users\ThinkPad X1\.m2\repository\org\apache\groovy\groovy\4.0.1\groovy-4.0.1.jar;C:\Users\ThinkPad X1\.m2\repository\org\apache\groovy\groovy-xml\4.0.1\groovy-xml-4.0.1.jar;C:\Users\ThinkPad X1\.m2\repository\org\apache\httpcomponents\httpclient\4.5.13\httpclient-4.5.13.jar;C:\Users\ThinkPad X1\.m2\repository\org\apache\httpcomponents\httpcore\4.4.13\httpcore-4.4.13.jar;C:\Users\ThinkPad X1\.m2\repository\commons-logging\commons-logging\1.2\commons-logging-1.2.jar;C:\Users\ThinkPad X1\.m2\repository\org\apache\httpcomponents\httpmime\4.5.13\httpmime-4.5.13.jar;C:\Users\ThinkPad X1\.m2\repository\org\hamcrest\hamcrest\2.1\hamcrest-2.1.jar;C:\Users\ThinkPad X1\.m2\repository\org\ccil\cowan\tagsoup\tagsoup\1.2.1\tagsoup-1.2.1.jar;C:\Users\ThinkPad X1\.m2\repository\io\rest-assured\json-path\5.1.1\json-path-5.1.1.jar;C:\Users\ThinkPad X1\.m2\repository\org\apache\groovy\groovy-json\4.0.1\groovy-json-4.0.1.jar;C:\Users\ThinkPad X1\.m2\repository\io\rest-assured\rest-assured-common\5.1.1\rest-assured-common-5.1.1.jar;C:\Users\ThinkPad X1\.m2\repository\io\rest-assured\xml-path\5.1.1\xml-path-5.1.1.jar;C:\Users\ThinkPad X1\.m2\repository\org\apache\commons\commons-lang3\3.11\commons-lang3-3.11.jar;"/>
    <property name="java.vm.vendor" value="Amazon.com Inc."/>
    <property name="sun.arch.data.model" value="64"/>
    <property name="user.variant" value=""/>
    <property name="java.vendor.url" value="https://aws.amazon.com/corretto/"/>
    <property name="user.timezone" value="Asia/Saigon"/>
    <property name="user.country.format" value="VN"/>
    <property name="os.name" value="Windows 10"/>
    <property name="java.vm.specification.version" value="17"/>
    <property name="sun.java.launcher" value="SUN_STANDARD"/>
    <property name="user.country" value="US"/>
    <property name="sun.boot.library.path" value="C:\Users\ThinkPad X1\.jdks\corretto-17.0.6\bin"/>
    <property name="sun.java.command" value="C:\Users\ThinkPad X1\AppData\Local\Temp\surefire12043593753120336123\surefirebooter-20231201100128436_3.jar C:\Users\ThinkPad X1\AppData\Local\Temp\surefire12043593753120336123 2023-12-01T10-01-28_131-jvmRun1 surefire-20231201100128436_1tmp surefire_0-20231201100128436_2tmp"/>
    <property name="jdk.debug" value="release"/>
    <property name="surefire.test.class.path" value="D:\AutomationGcReddy-master\target\test-classes;D:\AutomationGcReddy-master\target\classes;C:\Users\ThinkPad X1\.m2\repository\org\testng\testng\7.8.0\testng-7.8.0.jar;C:\Users\ThinkPad X1\.m2\repository\org\slf4j\slf4j-api\1.7.36\slf4j-api-1.7.36.jar;C:\Users\ThinkPad X1\.m2\repository\com\beust\jcommander\1.82\jcommander-1.82.jar;C:\Users\ThinkPad X1\.m2\repository\org\webjars\jquery\3.6.1\jquery-3.6.1.jar;C:\Users\ThinkPad X1\.m2\repository\io\qameta\allure\allure-testng\2.24.0\allure-testng-2.24.0.jar;C:\Users\ThinkPad X1\.m2\repository\io\qameta\allure\allure-java-commons\2.24.0\allure-java-commons-2.24.0.jar;C:\Users\ThinkPad X1\.m2\repository\io\qameta\allure\allure-model\2.24.0\allure-model-2.24.0.jar;C:\Users\ThinkPad X1\.m2\repository\io\qameta\allure\allure-test-filter\2.24.0\allure-test-filter-2.24.0.jar;C:\Users\ThinkPad X1\.m2\repository\org\seleniumhq\selenium\selenium-java\4.14.0\selenium-java-4.14.0.jar;C:\Users\ThinkPad X1\.m2\repository\org\seleniumhq\selenium\selenium-api\4.14.0\selenium-api-4.14.0.jar;C:\Users\ThinkPad X1\.m2\repository\org\seleniumhq\selenium\selenium-chrome-driver\4.14.0\selenium-chrome-driver-4.14.0.jar;C:\Users\ThinkPad X1\.m2\repository\com\google\auto\service\auto-service-annotations\1.1.1\auto-service-annotations-1.1.1.jar;C:\Users\ThinkPad X1\.m2\repository\com\google\guava\guava\32.1.2-jre\guava-32.1.2-jre.jar;C:\Users\ThinkPad X1\.m2\repository\com\google\guava\failureaccess\1.0.1\failureaccess-1.0.1.jar;C:\Users\ThinkPad X1\.m2\repository\com\google\guava\listenablefuture\9999.0-empty-to-avoid-conflict-with-guava\listenablefuture-9999.0-empty-to-avoid-conflict-with-guava.jar;C:\Users\ThinkPad X1\.m2\repository\com\google\code\findbugs\jsr305\3.0.2\jsr305-3.0.2.jar;C:\Users\ThinkPad X1\.m2\repository\org\checkerframework\checker-qual\3.33.0\checker-qual-3.33.0.jar;C:\Users\ThinkPad X1\.m2\repository\com\google\errorprone\error_prone_annotations\2.18.0\error_prone_annotations-2.18.0.jar;C:\Users\ThinkPad X1\.m2\repository\com\google\j2objc\j2objc-annotations\2.8\j2objc-annotations-2.8.jar;C:\Users\ThinkPad X1\.m2\repository\org\seleniumhq\selenium\selenium-chromium-driver\4.14.0\selenium-chromium-driver-4.14.0.jar;C:\Users\ThinkPad X1\.m2\repository\org\seleniumhq\selenium\selenium-json\4.14.0\selenium-json-4.14.0.jar;C:\Users\ThinkPad X1\.m2\repository\org\seleniumhq\selenium\selenium-manager\4.14.0\selenium-manager-4.14.0.jar;C:\Users\ThinkPad X1\.m2\repository\org\seleniumhq\selenium\selenium-devtools-v116\4.14.0\selenium-devtools-v116-4.14.0.jar;C:\Users\ThinkPad X1\.m2\repository\org\seleniumhq\selenium\selenium-devtools-v117\4.14.0\selenium-devtools-v117-4.14.0.jar;C:\Users\ThinkPad X1\.m2\repository\org\seleniumhq\selenium\selenium-devtools-v118\4.14.0\selenium-devtools-v118-4.14.0.jar;C:\Users\ThinkPad X1\.m2\repository\org\seleniumhq\selenium\selenium-devtools-v85\4.14.0\selenium-devtools-v85-4.14.0.jar;C:\Users\ThinkPad X1\.m2\repository\org\seleniumhq\selenium\selenium-edge-driver\4.14.0\selenium-edge-driver-4.14.0.jar;C:\Users\ThinkPad X1\.m2\repository\org\seleniumhq\selenium\selenium-firefox-driver\4.14.0\selenium-firefox-driver-4.14.0.jar;C:\Users\ThinkPad X1\.m2\repository\org\seleniumhq\selenium\selenium-http\4.14.0\selenium-http-4.14.0.jar;C:\Users\ThinkPad X1\.m2\repository\dev\failsafe\failsafe\3.3.2\failsafe-3.3.2.jar;C:\Users\ThinkPad X1\.m2\repository\org\seleniumhq\selenium\selenium-ie-driver\4.14.0\selenium-ie-driver-4.14.0.jar;C:\Users\ThinkPad X1\.m2\repository\org\seleniumhq\selenium\selenium-remote-driver\4.14.0\selenium-remote-driver-4.14.0.jar;C:\Users\ThinkPad X1\.m2\repository\io\opentelemetry\opentelemetry-api\1.28.0\opentelemetry-api-1.28.0.jar;C:\Users\ThinkPad X1\.m2\repository\io\opentelemetry\opentelemetry-context\1.28.0\opentelemetry-context-1.28.0.jar;C:\Users\ThinkPad X1\.m2\repository\io\opentelemetry\opentelemetry-exporter-logging\1.28.0\opentelemetry-exporter-logging-1.28.0.jar;C:\Users\ThinkPad X1\.m2\repository\io\opentelemetry\opentelemetry-sdk-metrics\1.28.0\opentelemetry-sdk-metrics-1.28.0.jar;C:\Users\ThinkPad X1\.m2\repository\io\opentelemetry\opentelemetry-extension-incubator\1.28.0-alpha\opentelemetry-extension-incubator-1.28.0-alpha.jar;C:\Users\ThinkPad X1\.m2\repository\io\opentelemetry\opentelemetry-sdk-logs\1.28.0\opentelemetry-sdk-logs-1.28.0.jar;C:\Users\ThinkPad X1\.m2\repository\io\opentelemetry\opentelemetry-sdk-common\1.28.0\opentelemetry-sdk-common-1.28.0.jar;C:\Users\ThinkPad X1\.m2\repository\io\opentelemetry\opentelemetry-sdk-extension-autoconfigure-spi\1.28.0\opentelemetry-sdk-extension-autoconfigure-spi-1.28.0.jar;C:\Users\ThinkPad X1\.m2\repository\io\opentelemetry\opentelemetry-sdk-extension-autoconfigure\1.28.0\opentelemetry-sdk-extension-autoconfigure-1.28.0.jar;C:\Users\ThinkPad X1\.m2\repository\io\opentelemetry\opentelemetry-api-events\1.28.0-alpha\opentelemetry-api-events-1.28.0-alpha.jar;C:\Users\ThinkPad X1\.m2\repository\io\opentelemetry\opentelemetry-sdk-trace\1.28.0\opentelemetry-sdk-trace-1.28.0.jar;C:\Users\ThinkPad X1\.m2\repository\io\opentelemetry\opentelemetry-sdk\1.28.0\opentelemetry-sdk-1.28.0.jar;C:\Users\ThinkPad X1\.m2\repository\io\opentelemetry\opentelemetry-semconv\1.28.0-alpha\opentelemetry-semconv-1.28.0-alpha.jar;C:\Users\ThinkPad X1\.m2\repository\net\bytebuddy\byte-buddy\1.14.5\byte-buddy-1.14.5.jar;C:\Users\ThinkPad X1\.m2\repository\org\seleniumhq\selenium\selenium-os\4.14.0\selenium-os-4.14.0.jar;C:\Users\ThinkPad X1\.m2\repository\org\apache\commons\commons-exec\1.3\commons-exec-1.3.jar;C:\Users\ThinkPad X1\.m2\repository\org\seleniumhq\selenium\selenium-safari-driver\4.14.0\selenium-safari-driver-4.14.0.jar;C:\Users\ThinkPad X1\.m2\repository\org\seleniumhq\selenium\selenium-support\4.14.0\selenium-support-4.14.0.jar;C:\Users\ThinkPad X1\.m2\repository\org\apache\poi\poi-ooxml\5.2.2\poi-ooxml-5.2.2.jar;C:\Users\ThinkPad X1\.m2\repository\org\apache\poi\poi\5.2.2\poi-5.2.2.jar;C:\Users\ThinkPad X1\.m2\repository\commons-codec\commons-codec\1.15\commons-codec-1.15.jar;C:\Users\ThinkPad X1\.m2\repository\org\apache\commons\commons-math3\3.6.1\commons-math3-3.6.1.jar;C:\Users\ThinkPad X1\.m2\repository\com\zaxxer\SparseBitSet\1.2\SparseBitSet-1.2.jar;C:\Users\ThinkPad X1\.m2\repository\org\apache\poi\poi-ooxml-lite\5.2.2\poi-ooxml-lite-5.2.2.jar;C:\Users\ThinkPad X1\.m2\repository\org\apache\xmlbeans\xmlbeans\5.0.3\xmlbeans-5.0.3.jar;C:\Users\ThinkPad X1\.m2\repository\org\apache\commons\commons-compress\1.21\commons-compress-1.21.jar;C:\Users\ThinkPad X1\.m2\repository\commons-io\commons-io\2.11.0\commons-io-2.11.0.jar;C:\Users\ThinkPad X1\.m2\repository\com\github\virtuald\curvesapi\1.07\curvesapi-1.07.jar;C:\Users\ThinkPad X1\.m2\repository\org\apache\logging\log4j\log4j-api\2.17.2\log4j-api-2.17.2.jar;C:\Users\ThinkPad X1\.m2\repository\org\apache\commons\commons-collections4\4.4\commons-collections4-4.4.jar;C:\Users\ThinkPad X1\.m2\repository\org\ow2\asm\asm\9.1\asm-9.1.jar;C:\Users\ThinkPad X1\.m2\repository\io\qameta\allure\allure-rest-assured\2.19.0\allure-rest-assured-2.19.0.jar;C:\Users\ThinkPad X1\.m2\repository\io\qameta\allure\allure-attachments\2.19.0\allure-attachments-2.19.0.jar;C:\Users\ThinkPad X1\.m2\repository\org\freemarker\freemarker\2.3.31\freemarker-2.3.31.jar;C:\Users\ThinkPad X1\.m2\repository\io\rest-assured\rest-assured\5.1.1\rest-assured-5.1.1.jar;C:\Users\ThinkPad X1\.m2\repository\org\apache\groovy\groovy\4.0.1\groovy-4.0.1.jar;C:\Users\ThinkPad X1\.m2\repository\org\apache\groovy\groovy-xml\4.0.1\groovy-xml-4.0.1.jar;C:\Users\ThinkPad X1\.m2\repository\org\apache\httpcomponents\httpclient\4.5.13\httpclient-4.5.13.jar;C:\Users\ThinkPad X1\.m2\repository\org\apache\httpcomponents\httpcore\4.4.13\httpcore-4.4.13.jar;C:\Users\ThinkPad X1\.m2\repository\commons-logging\commons-logging\1.2\commons-logging-1.2.jar;C:\Users\ThinkPad X1\.m2\repository\org\apache\httpcomponents\httpmime\4.5.13\httpmime-4.5.13.jar;C:\Users\ThinkPad X1\.m2\repository\org\hamcrest\hamcrest\2.1\hamcrest-2.1.jar;C:\Users\ThinkPad X1\.m2\repository\org\ccil\cowan\tagsoup\tagsoup\1.2.1\tagsoup-1.2.1.jar;C:\Users\ThinkPad X1\.m2\repository\io\rest-assured\json-path\5.1.1\json-path-5.1.1.jar;C:\Users\ThinkPad X1\.m2\repository\org\apache\groovy\groovy-json\4.0.1\groovy-json-4.0.1.jar;C:\Users\ThinkPad X1\.m2\repository\io\rest-assured\rest-assured-common\5.1.1\rest-assured-common-5.1.1.jar;C:\Users\ThinkPad X1\.m2\repository\io\rest-assured\xml-path\5.1.1\xml-path-5.1.1.jar;C:\Users\ThinkPad X1\.m2\repository\org\apache\commons\commons-lang3\3.11\commons-lang3-3.11.jar;"/>
    <property name="sun.cpu.endian" value="little"/>
    <property name="user.home" value="C:\Users\ThinkPad X1"/>
    <property name="user.language" value="en"/>
    <property name="java.specification.vendor" value="Oracle Corporation"/>
    <property name="java.version.date" value="2023-01-17"/>
    <property name="java.home" value="C:\Users\ThinkPad X1\.jdks\corretto-17.0.6"/>
    <property name="file.separator" value="\"/>
    <property name="basedir" value="D:\AutomationGcReddy-master"/>
    <property name="java.vm.compressedOopsMode" value="Zero based"/>
    <property name="line.separator" value="&#10;"/>
    <property name="java.vm.specification.vendor" value="Oracle Corporation"/>
    <property name="java.specification.name" value="Java Platform API Specification"/>
    <property name="surefire.real.class.path" value="C:\Users\ThinkPad X1\AppData\Local\Temp\surefire12043593753120336123\surefirebooter-20231201100128436_3.jar"/>
    <property name="user.script" value=""/>
    <property name="sun.management.compiler" value="HotSpot 64-Bit Tiered Compilers"/>
    <property name="java.runtime.version" value="17.0.6+10-LTS"/>
    <property name="user.name" value="ThinkPad X1"/>
    <property name="path.separator" value=";"/>
    <property name="os.version" value="10.0"/>
    <property name="java.runtime.name" value="OpenJDK Runtime Environment"/>
    <property name="file.encoding" value="Cp1252"/>
    <property name="java.vm.name" value="OpenJDK 64-Bit Server VM"/>
    <property name="java.vendor.version" value="Corretto-17.0.6.10.1"/>
    <property name="localRepository" value="C:\Users\ThinkPad X1\.m2\repository"/>
    <property name="java.vendor.url.bug" value="https://github.com/corretto/corretto-17/issues/"/>
    <property name="java.io.tmpdir" value="C:\Users\THINKP~1\AppData\Local\Temp\"/>
    <property name="java.version" value="17.0.6"/>
    <property name="user.dir" value="D:\AutomationGcReddy-master"/>
    <property name="os.arch" value="amd64"/>
    <property name="java.vm.specification.name" value="Java Virtual Machine Specification"/>
    <property name="user.language.format" value="vi"/>
    <property name="sun.os.patch.level" value=""/>
    <property name="native.encoding" value="Cp1252"/>
    <property name="java.library.path" value="C:\Users\ThinkPad X1\.jdks\corretto-17.0.6\bin;C:\WINDOWS\Sun\Java\bin;C:\WINDOWS\system32;C:\WINDOWS;C:\WINDOWS\system32;C:\WINDOWS;C:\WINDOWS\System32\Wbem;C:\WINDOWS\System32\WindowsPowerShell\v1.0\;C:\WINDOWS\System32\OpenSSH\;C:\Program Files\Git\cmd;C:\xampp\php;C:\ProgramData\ComposerSetup\bin;C:\Program Files (x86)\Microsoft SQL Server\150\DTS\Binn\;C:\Program Files\Azure Data Studio\bin;C:\Program Files (x86)\Microsoft SQL Server\160\Tools\Binn\;C:\Program Files\Microsoft SQL Server\160\Tools\Binn\;C:\Program Files\Microsoft SQL Server\Client SDK\ODBC\170\Tools\Binn\;C:\Program Files\Microsoft SQL Server\160\DTS\Binn\;D:\FresherAutomationTest\Maven\apache-maven-3.9.0\bin;C:\Users\ThinkPad X1\.jdks\corretto-17.0.6\bin;D:\AndroidEnviroment\emulator;D:\AndroidEnviroment\bin;D:\AndroidEnviroment\tools;D:\AndroidEnviroment\platform-tools;D:\nodejs\;C:\ProgramData\chocolatey\bin;D:\FresherAutomationTest\allure-2.8.0\bin;C:\Program Files\Cloudflare\Cloudflare WARP\;D:\AndroidEnviroment\cmdline-tools;C:\Program Files\PuTTY\;C:\Program Files\Docker\Docker\resources\bin;C:\Users\ThinkPad X1\AppData\Local\Programs\Python\Python311\Scripts\;C:\Users\ThinkPad X1\AppData\Local\Programs\Python\Python311\;C:\Users\ThinkPad X1\AppData\Local\Programs\Python\Python312\Scripts\;C:\Users\ThinkPad X1\AppData\Local\Programs\Python\Python312\;C:\Users\ThinkPad X1\AppData\Local\Microsoft\WindowsApps;C:\Users\ThinkPad X1\AppData\Local\Programs\Microsoft VS Code\bin;C:\Users\ThinkPad X1\AppData\Roaming\Composer\vendor\bin;C:\src\flutter\bin;C:\Users\UserName\AppData\Local\Android\Sdk\platform-tools;C:\Program Files\Azure Data Studio\bin;C:\Users\ThinkPad X1\AppData\Roaming\npm;D:\Aqua 231.8495\bin;;C:\Program Files\JetBrains\IntelliJ IDEA Community Edition 2023.1.2\bin;;D:\PyCharm Community Edition 2023.1.2\bin;;;."/>
    <property name="java.vm.info" value="mixed mode, sharing"/>
    <property name="java.vendor" value="Amazon.com Inc."/>
    <property name="java.vm.version" value="17.0.6+10-LTS"/>
    <property name="sun.io.unicode.encoding" value="UnicodeLittle"/>
    <property name="java.class.version" value="61.0"/>
  </properties>
  <testcase name="TC_02" classname="test.AdminLoginTest" time="1.613">
    <failure message="expected [osCommerce Online Merchant Administration Tool] but found [osCommerce Online Merchant Administration Tool 2]" type="java.lang.AssertionError"><![CDATA[java.lang.AssertionError: expected [osCommerce Online Merchant Administration Tool] but found [osCommerce Online Merchant Administration Tool 2]
	at org.testng.Assert.fail(Assert.java:111)
	at org.testng.Assert.failNotEquals(Assert.java:1578)
	at org.testng.Assert.assertEqualsImpl(Assert.java:150)
	at org.testng.Assert.assertEquals(Assert.java:132)
	at org.testng.Assert.assertEquals(Assert.java:656)
	at org.testng.Assert.assertEquals(Assert.java:666)
	at page.AdminLogin.verifyTitle(AdminLogin.java:29)
	at test.AdminLoginTest.TC_02(AdminLoginTest.java:22)
	at java.base/jdk.internal.reflect.NativeMethodAccessorImpl.invoke0(Native Method)
	at java.base/jdk.internal.reflect.NativeMethodAccessorImpl.invoke(NativeMethodAccessorImpl.java:77)
	at java.base/jdk.internal.reflect.DelegatingMethodAccessorImpl.invoke(DelegatingMethodAccessorImpl.java:43)
	at java.base/java.lang.reflect.Method.invoke(Method.java:568)
	at org.testng.internal.invokers.MethodInvocationHelper.invokeMethod(MethodInvocationHelper.java:139)
	at org.testng.internal.invokers.TestInvoker.invokeMethod(TestInvoker.java:664)
	at org.testng.internal.invokers.TestInvoker.invokeTestMethod(TestInvoker.java:227)
	at org.testng.internal.invokers.MethodRunner.runInSequence(MethodRunner.java:50)
	at org.testng.internal.invokers.TestInvoker$MethodInvocationAgent.invoke(TestInvoker.java:957)
	at org.testng.internal.invokers.TestInvoker.invokeTestMethods(TestInvoker.java:200)
	at org.testng.internal.invokers.TestMethodWorker.invokeTestMethods(TestMethodWorker.java:148)
	at org.testng.internal.invokers.TestMethodWorker.run(TestMethodWorker.java:128)
	at java.base/java.util.ArrayList.forEach(ArrayList.java:1511)
	at org.testng.TestRunner.privateRun(TestRunner.java:848)
	at org.testng.TestRunner.run(TestRunner.java:621)
	at org.testng.SuiteRunner.runTest(SuiteRunner.java:443)
	at org.testng.SuiteRunner.runSequentially(SuiteRunner.java:437)
	at org.testng.SuiteRunner.privateRun(SuiteRunner.java:397)
	at org.testng.SuiteRunner.run(SuiteRunner.java:336)
	at org.testng.SuiteRunnerWorker.runSuite(SuiteRunnerWorker.java:52)
	at org.testng.SuiteRunnerWorker.run(SuiteRunnerWorker.java:95)
	at org.testng.TestNG.runSuitesSequentially(TestNG.java:1280)
	at org.testng.TestNG.runSuitesLocally(TestNG.java:1200)
	at org.testng.TestNG.runSuites(TestNG.java:1114)
	at org.testng.TestNG.run(TestNG.java:1082)
	at org.apache.maven.surefire.testng.TestNGExecutor.run(TestNGExecutor.java:308)
	at org.apache.maven.surefire.testng.TestNGXmlTestSuite.execute(TestNGXmlTestSuite.java:71)
	at org.apache.maven.surefire.testng.TestNGProvider.invoke(TestNGProvider.java:113)
	at org.apache.maven.surefire.booter.ForkedBooter.runSuitesInProcess(ForkedBooter.java:385)
	at org.apache.maven.surefire.booter.ForkedBooter.execute(ForkedBooter.java:162)
	at org.apache.maven.surefire.booter.ForkedBooter.run(ForkedBooter.java:507)
	at org.apache.maven.surefire.booter.ForkedBooter.main(ForkedBooter.java:495)
]]></failure>
    <system-err><![CDATA[SLF4J: Failed to load class "org.slf4j.impl.StaticLoggerBinder".
SLF4J: Defaulting to no-operation (NOP) logger implementation
SLF4J: See http://www.slf4j.org/codes.html#StaticLoggerBinder for further details.
thg 12 01, 2023 10:01:40 SA org.openqa.selenium.devtools.CdpVersionFinder findNearestMatch
WARNING: Unable to find an exact match for CDP version 119, returning the closest version; found: 118; Please update to a Selenium version that supports CDP version 119
]]></system-err>
  </testcase>
  <testcase name="TC_03" classname="test.AdminLoginTest" time="1.528"/>
  <testcase name="TC_04" classname="test.AdminLoginTest" time="0.826"/>
  <testcase name="TC_05[gcreddy, Temp@2020](1)" classname="test.AdminLoginTest" time="1.908">
    <system-err><![CDATA[ERROR StatusLogger Log4j2 could not find a logging implementation. Please add log4j-core to the classpath. Using SimpleLogger to log to the console...
]]></system-err>
  </testcase>
  <testcase name="TC_06[abcdef, Temp@0000](1)" classname="test.AdminLoginTest" time="0.809"/>
  <testcase name="TC_07" classname="test.AdminLoginTest" time="0.004"/>
</testsuite>